<?xml version="1.0" encoding="UTF-8"?>
<coverage generated="1754664738644" clover="3.2.0">
  <project timestamp="1754664738644" name="All files">
    <metrics statements="55" coveredstatements="46" conditionals="14" coveredconditionals="8" methods="7" coveredmethods="5" elements="76" coveredelements="59" complexity="0" loc="55" ncloc="55" packages="1" files="2" classes="2"/>
    <file name="const.ts" path="D:\Work\Projects\ControlUP\controlup-test-task\client\src\features\movies-dashboard\const.ts">
      <metrics statements="1" coveredstatements="1" conditionals="0" coveredconditionals="0" methods="0" coveredmethods="0"/>
      <line num="1" count="1" type="stmt"/>
    </file>
    <file name="useMoviesData.ts" path="D:\Work\Projects\ControlUP\controlup-test-task\client\src\features\movies-dashboard\useMoviesData.ts">
      <metrics statements="54" coveredstatements="45" conditionals="14" coveredconditionals="8" methods="7" coveredmethods="5"/>
      <line num="1" count="1" type="stmt"/>
      <line num="3" count="1" type="stmt"/>
      <line num="4" count="1" type="stmt"/>
      <line num="5" count="1" type="stmt"/>
      <line num="6" count="1" type="stmt"/>
      <line num="8" count="1" type="stmt"/>
      <line num="9" count="15" type="stmt"/>
      <line num="10" count="15" type="stmt"/>
      <line num="12" count="15" type="stmt"/>
      <line num="14" count="15" type="stmt"/>
      <line num="15" count="15" type="stmt"/>
      <line num="16" count="15" type="stmt"/>
      <line num="18" count="15" type="stmt"/>
      <line num="19" count="15" type="stmt"/>
      <line num="22" count="15" type="stmt"/>
      <line num="23" count="0" type="stmt"/>
      <line num="24" count="0" type="stmt"/>
      <line num="27" count="15" type="stmt"/>
      <line num="28" count="5" type="stmt"/>
      <line num="30" count="5" type="cond" truecount="2" falsecount="0"/>
      <line num="31" count="1" type="stmt"/>
      <line num="32" count="1" type="stmt"/>
      <line num="35" count="4" type="stmt"/>
      <line num="38" count="15" type="stmt"/>
      <line num="39" count="0" type="cond" truecount="0" falsecount="2"/>
      <line num="40" count="0" type="stmt"/>
      <line num="44" count="15" type="stmt"/>
      <line num="45" count="8" type="cond" truecount="2" falsecount="2"/>
      <line num="46" count="0" type="stmt"/>
      <line num="50" count="15" type="stmt"/>
      <line num="52" count="3" type="cond" truecount="1" falsecount="1"/>
      <line num="53" count="0" type="stmt"/>
      <line num="56" count="3" type="cond" truecount="1" falsecount="1"/>
      <line num="57" count="0" type="stmt"/>
      <line num="60" count="3" type="stmt"/>
      <line num="62" count="3" type="stmt"/>
      <line num="63" count="3" type="stmt"/>
      <line num="64" count="3" type="stmt"/>
      <line num="65" count="3" type="stmt"/>
      <line num="66" count="3" type="stmt"/>
      <line num="68" count="3" type="stmt"/>
      <line num="69" count="3" type="stmt"/>
      <line num="72" count="2" type="stmt"/>
      <line num="75" count="2" type="cond" truecount="2" falsecount="0"/>
      <line num="76" count="1" type="stmt"/>
      <line num="78" count="1" type="stmt"/>
      <line num="79" count="1" type="stmt"/>
      <line num="81" count="0" type="stmt"/>
      <line num="83" count="0" type="stmt"/>
      <line num="86" count="1" type="stmt"/>
      <line num="89" count="2" type="stmt"/>
      <line num="90" count="2" type="stmt"/>
      <line num="92" count="3" type="stmt"/>
      <line num="97" count="15" type="stmt"/>
    </file>
  </project>
</coverage>
