{"D:\\Work\\Projects\\ControlUP\\controlup-test-task\\client\\src\\features\\movies-dashboard\\const.ts": {"path":"D:\\Work\\Projects\\ControlUP\\controlup-test-task\\client\\src\\features\\movies-dashboard\\const.ts","statementMap":{"0":{"start":{"line":1,"column":13},"end":{"line":1,"column":null}}},"fnMap":{},"branchMap":{},"s":{"0":1},"f":{},"b":{}}
,"D:\\Work\\Projects\\ControlUP\\controlup-test-task\\client\\src\\features\\movies-dashboard\\useMoviesData.ts": {"path":"D:\\Work\\Projects\\ControlUP\\controlup-test-task\\client\\src\\features\\movies-dashboard\\useMoviesData.ts","statementMap":{"0":{"start":{"line":1,"column":0},"end":{"line":1,"column":52}},"1":{"start":{"line":3,"column":0},"end":{"line":3,"column":39}},"2":{"start":{"line":4,"column":0},"end":{"line":4,"column":26}},"3":{"start":{"line":5,"column":0},"end":{"line":5,"column":33}},"4":{"start":{"line":6,"column":0},"end":{"line":6,"column":35}},"5":{"start":{"line":8,"column":28},"end":{"line":110,"column":1}},"6":{"start":{"line":9,"column":40},"end":{"line":9,"column":60}},"7":{"start":{"line":10,"column":27},"end":{"line":10,"column":45}},"8":{"start":{"line":12,"column":32},"end":{"line":12,"column":56}},"9":{"start":{"line":14,"column":38},"end":{"line":14,"column":62}},"10":{"start":{"line":15,"column":46},"end":{"line":15,"column":66}},"11":{"start":{"line":16,"column":46},"end":{"line":16,"column":70}},"12":{"start":{"line":18,"column":48},"end":{"line":18,"column":90}},"13":{"start":{"line":19,"column":32},"end":{"line":19,"column":58}},"14":{"start":{"line":22,"column":38},"end":{"line":25,"column":5}},"15":{"start":{"line":23,"column":8},"end":{"line":23,"column":31}},"16":{"start":{"line":24,"column":8},"end":{"line":24,"column":32}},"17":{"start":{"line":27,"column":30},"end":{"line":36,"column":5}},"18":{"start":{"line":28,"column":8},"end":{"line":28,"column":null}},"19":{"start":{"line":30,"column":8},"end":{"line":33,"column":9}},"20":{"start":{"line":31,"column":12},"end":{"line":31,"column":29}},"21":{"start":{"line":32,"column":12},"end":{"line":32,"column":18}},"22":{"start":{"line":35,"column":8},"end":{"line":35,"column":null}},"23":{"start":{"line":38,"column":38},"end":{"line":42,"column":5}},"24":{"start":{"line":39,"column":8},"end":{"line":41,"column":9}},"25":{"start":{"line":40,"column":12},"end":{"line":40,"column":null}},"26":{"start":{"line":44,"column":4},"end":{"line":48,"column":null}},"27":{"start":{"line":45,"column":8},"end":{"line":47,"column":9}},"28":{"start":{"line":46,"column":12},"end":{"line":46,"column":null}},"29":{"start":{"line":50,"column":26},"end":{"line":94,"column":null}},"30":{"start":{"line":50,"column":37},"end":{"line":94,"column":null}},"31":{"start":{"line":52,"column":8},"end":{"line":54,"column":9}},"32":{"start":{"line":53,"column":12},"end":{"line":53,"column":18}},"33":{"start":{"line":56,"column":8},"end":{"line":58,"column":9}},"34":{"start":{"line":57,"column":12},"end":{"line":57,"column":19}},"35":{"start":{"line":60,"column":8},"end":{"line":60,"column":44}},"36":{"start":{"line":62,"column":8},"end":{"line":62,"column":27}},"37":{"start":{"line":63,"column":8},"end":{"line":63,"column":24}},"38":{"start":{"line":64,"column":8},"end":{"line":64,"column":29}},"39":{"start":{"line":65,"column":8},"end":{"line":65,"column":31}},"40":{"start":{"line":66,"column":8},"end":{"line":66,"column":32}},"41":{"start":{"line":68,"column":8},"end":{"line":93,"column":9}},"42":{"start":{"line":69,"column":42},"end":{"line":69,"column":154}},"43":{"start":{"line":72,"column":25},"end":{"line":72,"column":51}},"44":{"start":{"line":75,"column":12},"end":{"line":84,"column":13}},"45":{"start":{"line":76,"column":16},"end":{"line":76,"column":83}},"46":{"start":{"line":78,"column":43},"end":{"line":78,"column":132}},"47":{"start":{"line":79,"column":29},"end":{"line":79,"column":52}},"48":{"start":{"line":81,"column":16},"end":{"line":81,"column":null}},"49":{"start":{"line":83,"column":16},"end":{"line":83,"column":23}},"50":{"start":{"line":86,"column":12},"end":{"line":86,"column":null}},"51":{"start":{"line":89,"column":12},"end":{"line":89,"column":48}},"52":{"start":{"line":90,"column":12},"end":{"line":90,"column":31}},"53":{"start":{"line":92,"column":12},"end":{"line":92,"column":32}},"54":{"start":{"line":97,"column":4},"end":{"line":109,"column":null}},"55":{"start":{"line":8,"column":13},"end":{"line":8,"column":28}}},"fnMap":{"0":{"name":"(anonymous_7)","decl":{"start":{"line":8,"column":28},"end":{"line":8,"column":31}},"loc":{"start":{"line":8,"column":33},"end":{"line":110,"column":1}}},"1":{"name":"(anonymous_8)","decl":{"start":{"line":22,"column":38},"end":{"line":22,"column":39}},"loc":{"start":{"line":22,"column":56},"end":{"line":25,"column":5}}},"2":{"name":"(anonymous_9)","decl":{"start":{"line":27,"column":30},"end":{"line":27,"column":31}},"loc":{"start":{"line":27,"column":48},"end":{"line":36,"column":5}}},"3":{"name":"(anonymous_10)","decl":{"start":{"line":38,"column":38},"end":{"line":38,"column":39}},"loc":{"start":{"line":38,"column":56},"end":{"line":42,"column":5}}},"4":{"name":"(anonymous_11)","decl":{"start":{"line":44,"column":14},"end":{"line":44,"column":17}},"loc":{"start":{"line":44,"column":19},"end":{"line":48,"column":5}}},"5":{"name":"(anonymous_12)","decl":{"start":{"line":50,"column":26},"end":{"line":50,"column":35}},"loc":{"start":{"line":50,"column":37},"end":{"line":94,"column":null}}},"6":{"name":"(anonymous_13)","decl":{"start":{"line":50,"column":37},"end":{"line":50,"column":null}},"loc":{"start":{"line":50,"column":37},"end":{"line":94,"column":5}}}},"branchMap":{"0":{"loc":{"start":{"line":30,"column":8},"end":{"line":33,"column":9}},"type":"if","locations":[{"start":{"line":30,"column":8},"end":{"line":33,"column":9}},{"start":{},"end":{}}]},"1":{"loc":{"start":{"line":39,"column":8},"end":{"line":41,"column":9}},"type":"if","locations":[{"start":{"line":39,"column":8},"end":{"line":41,"column":9}},{"start":{},"end":{}}]},"2":{"loc":{"start":{"line":45,"column":8},"end":{"line":47,"column":9}},"type":"if","locations":[{"start":{"line":45,"column":8},"end":{"line":47,"column":9}},{"start":{},"end":{}}]},"3":{"loc":{"start":{"line":45,"column":12},"end":{"line":45,"column":43}},"type":"binary-expr","locations":[{"start":{"line":45,"column":12},"end":{"line":45,"column":25}},{"start":{"line":45,"column":29},"end":{"line":45,"column":43}}]},"4":{"loc":{"start":{"line":52,"column":8},"end":{"line":54,"column":9}},"type":"if","locations":[{"start":{"line":52,"column":8},"end":{"line":54,"column":9}},{"start":{},"end":{}}]},"5":{"loc":{"start":{"line":56,"column":8},"end":{"line":58,"column":9}},"type":"if","locations":[{"start":{"line":56,"column":8},"end":{"line":58,"column":9}},{"start":{},"end":{}}]},"6":{"loc":{"start":{"line":75,"column":12},"end":{"line":84,"column":13}},"type":"if","locations":[{"start":{"line":75,"column":12},"end":{"line":84,"column":13}},{"start":{},"end":{}}]}},"s":{"0":1,"1":1,"2":1,"3":1,"4":1,"5":1,"6":15,"7":15,"8":15,"9":15,"10":15,"11":15,"12":15,"13":15,"14":15,"15":0,"16":0,"17":15,"18":5,"19":5,"20":1,"21":1,"22":4,"23":15,"24":0,"25":0,"26":15,"27":8,"28":0,"29":15,"30":3,"31":3,"32":0,"33":3,"34":0,"35":3,"36":3,"37":3,"38":3,"39":3,"40":3,"41":3,"42":3,"43":2,"44":2,"45":1,"46":1,"47":1,"48":0,"49":0,"50":1,"51":2,"52":2,"53":3,"54":15,"55":1},"f":{"0":15,"1":0,"2":5,"3":0,"4":8,"5":3,"6":3},"b":{"0":[1,4],"1":[0,0],"2":[0,8],"3":[8,0],"4":[0,3],"5":[0,3],"6":[1,1]}}
}
