TN:
SF:src\features\movies-dashboard\const.ts
FNF:0
FNH:0
DA:1,1
LF:1
LH:1
BRF:0
BRH:0
end_of_record
TN:
SF:src\features\movies-dashboard\useMoviesData.ts
FN:8,(anonymous_7)
FN:22,(anonymous_8)
FN:27,(anonymous_9)
FN:38,(anonymous_10)
FN:44,(anonymous_11)
FN:50,(anonymous_12)
FN:50,(anonymous_13)
FNF:7
FNH:5
FNDA:15,(anonymous_7)
FNDA:0,(anonymous_8)
FNDA:5,(anonymous_9)
FNDA:0,(anonymous_10)
FNDA:8,(anonymous_11)
FNDA:3,(anonymous_12)
FNDA:3,(anonymous_13)
DA:1,1
DA:3,1
DA:4,1
DA:5,1
DA:6,1
DA:8,1
DA:9,15
DA:10,15
DA:12,15
DA:14,15
DA:15,15
DA:16,15
DA:18,15
DA:19,15
DA:22,15
DA:23,0
DA:24,0
DA:27,15
DA:28,5
DA:30,5
DA:31,1
DA:32,1
DA:35,4
DA:38,15
DA:39,0
DA:40,0
DA:44,15
DA:45,8
DA:46,0
DA:50,15
DA:52,3
DA:53,0
DA:56,3
DA:57,0
DA:60,3
DA:62,3
DA:63,3
DA:64,3
DA:65,3
DA:66,3
DA:68,3
DA:69,3
DA:72,2
DA:75,2
DA:76,1
DA:78,1
DA:79,1
DA:81,0
DA:83,0
DA:86,1
DA:89,2
DA:90,2
DA:92,3
DA:97,15
LF:54
LH:45
BRDA:30,0,0,1
BRDA:30,0,1,4
BRDA:39,1,0,0
BRDA:39,1,1,0
BRDA:45,2,0,0
BRDA:45,2,1,8
BRDA:45,3,0,8
BRDA:45,3,1,0
BRDA:52,4,0,0
BRDA:52,4,1,3
BRDA:56,5,0,0
BRDA:56,5,1,3
BRDA:75,6,0,1
BRDA:75,6,1,1
BRF:14
BRH:8
end_of_record
